#
# A fatal error has been detected by the Java Runtime Environment:
#
#  EXCEPTION_ACCESS_VIOLATION (0xc0000005) at pc=0x00007ffa703dbc8a, pid=22240, tid=6412
#
# JRE version: OpenJDK Runtime Environment Temurin-17.0.1+12 (17.0.1+12) (build 17.0.1+12)
# Java VM: OpenJDK 64-Bit Server VM Temurin-17.0.1+12 (17.0.1+12, mixed mode, tiered, compressed oops, compressed class ptrs, g1 gc, windows-amd64)
# Problematic frame:
# V  [jvm.dll+0x79bc8a]
#
# No core dump will be written. Minidumps are not enabled by default on client versions of Windows
#
# If you would like to submit a bug report, please visit:
#   https://github.com/adoptium/adoptium-support/issues
#

---------------  S U M M A R Y ------------

Command Line: -XX:+ShowCodeDetailsInExceptionMessages -agentlib:jdwp=transport=dt_socket,suspend=y,address=localhost:52305 -javaagent:C:\Users\Atul\eclipse\java-2021-12\eclipse\configuration\org.eclipse.osgi\224\0\.cp\lib\javaagent-shaded.jar -Dfile.encoding=Cp1252 simpledb.server.StartServer

Host: Intel(R) Core(TM) i7-8565U CPU @ 1.80GHz, 8 cores, 15G,  Windows 10 , 64 bit Build 19041 (10.0.19041.1348)
Time: Tue Mar 15 00:28:41 2022 Malay Peninsula Standard Time elapsed time: 176.469425 seconds (0d 0h 2m 56s)

---------------  T H R E A D  ---------------

Current thread (0x000001a3be6f5710):  JavaThread "JDWP Transport Listener: dt_socket" daemon [_thread_in_vm, id=6412, stack(0x0000005ec1300000,0x0000005ec1400000)]

Stack: [0x0000005ec1300000,0x0000005ec1400000],  sp=0x0000005ec13ff5c0,  free space=1021k
Native frames: (J=compiled Java code, j=interpreted, Vv=VM code, C=native code)
V  [jvm.dll+0x79bc8a]
V  [jvm.dll+0x507e6c]
V  [jvm.dll+0x4cf4d4]
C  [jdwp.dll+0x22dff]


siginfo: EXCEPTION_ACCESS_VIOLATION (0xc0000005), reading address 0x00000000001d0011


Register to memory mapping:

RIP=0x00007ffa703dbc8a jvm.dll
RAX=0x000000000000005d is an unknown value
RBX=0x000001a3be47ef9a points into unknown readable memory: 00 00 00 00 00 00
RCX=0x00000000001d000d is an unknown value
RDX=0x000001a3be673d60 points into unknown readable memory: 0x64656c706d69734c | 4c 73 69 6d 70 6c 65 64
RSP=0x0000005ec13ff5c0 is pointing into the stack for thread: 0x000001a3be6f5710
RBP=0x000001a3be6f9f30 points into unknown readable memory: 0x0000000000000002 | 02 00 00 00 00 00 00 00
RSI=0x0 is NULL
RDI=0xffffffffffffffff is an unknown value
R8 =0x0000000000000004 is an unknown value
R9 =0x0000000000000013 is an unknown value
R10=0x0 is NULL
R11=0x0000005ec13ff5e0 is pointing into the stack for thread: 0x000001a3be6f5710
R12=0x0000005ec13ff718 is pointing into the stack for thread: 0x000001a3be6f5710
R13=0x0 is NULL
R14=0x0000000800117b68 is a pointer to class: 
simpledb.query.Constant {0x0000000800117b70}
 - instance size:     3
 - klass size:        75
 - access:            public synchronized 
 - state:             fully_initialized
 - name:              'simpledb/query/Constant'
 - super:             'java/lang/Object'
 - sub:               
 - arrays:            NULL
 - methods:           Array<T>(0x000001a3bf725e80)
 - method ordering:   Array<T>(0x000001a3bf7269c8)
 - default_methods:   Array<T>(0x0000000000000000)
 - local interfaces:  Array<T>(0x000001a3bf722548)
 - trans. interfaces: Array<T>(0x000001a3bf722548)
 - constants:         constant pool [95] {0x000001a3bf727138} for 'simpledb/query/Constant' cache=0x000001a3bf7274b0
 - class loader data:  loader data: 0x000001a3be43f720 for instance a 'jdk/internal/loader/ClassLoaders$AppClassLoader'{0x0000000712261b50}
 - source file:       'Constant.java'
 - source debug extension:       SMAP
Constant.java
Java
*S jdt
*F
1 Constant.java
2 file:/C:/Users/Atul/eclipse-workspace/SimpleDBEngine/bin/
*L
*E

 - class annotations:       Array<T>(0x0000000000000000)
 - class type annotations:  Array<T>(0x0000000000000000)
 - field annotations:       Array<T>(0x0000000000000000)
 - field type annotations:  Array<T>(0x0000000000000000)
 - generic signature: '
[error occurred during error reporting (printing register info), id 0xc0000005, EXCEPTION_ACCESS_VIOLATION (0xc0000005) at pc=0x00007ffa703dc896]

Registers:
RAX=0x000000000000005d, RBX=0x000001a3be47ef9a, RCX=0x00000000001d000d, RDX=0x000001a3be673d60
RSP=0x0000005ec13ff5c0, RBP=0x000001a3be6f9f30, RSI=0x0000000000000000, RDI=0xffffffffffffffff
R8 =0x0000000000000004, R9 =0x0000000000000013, R10=0x0000000000000000, R11=0x0000005ec13ff5e0
R12=0x0000005ec13ff718, R13=0x0000000000000000, R14=0x0000000800117b68, R15=0x0000005ec13ff768
RIP=0x00007ffa703dbc8a, EFLAGS=0x0000000000010206

Top of Stack: (sp=0x0000005ec13ff5c0)
0x0000005ec13ff5c0:   0000000000000017 0000000800117b68
0x0000005ec13ff5d0:   000001a3be6f5710 0000000000000000
0x0000005ec13ff5e0:   ffffffffffffffff 00007ffa70147e6c
0x0000005ec13ff5f0:   000001a3be47ef9a 000001a3be47ef80
0x0000005ec13ff600:   000001a3be6f9f30 000001a3be7758f0
0x0000005ec13ff610:   000001a3be47ef50 00000000000003d8
0x0000005ec13ff620:   000001a3be47ef60 000001a3be47f338
0x0000005ec13ff630:   0000000000000002 0000005ec13ff718
0x0000005ec13ff640:   0000000000000000 0000000000000000
0x0000005ec13ff650:   000000071141e648 00007ffa7010f4d4
0x0000005ec13ff660:   000001a3be6f5710 0000005ec13ff768
0x0000005ec13ff670:   000001a39cecaf50 0000005ec13ff768
0x0000005ec13ff680:   000001a3be6f5710 0000000000000000
0x0000005ec13ff690:   000001a300000000 0000000000000000
0x0000005ec13ff6a0:   000000000000000d 00007ffabb562dff
0x0000005ec13ff6b0:   0000005ec13ff760 00007ffabb571aa0 

Instructions: (pc=0x00007ffa703dbc8a)
0x00007ffa703dbb8a:   48 83 c4 20 5f e9 3c a2 90 ff cc cc cc cc cc cc
0x00007ffa703dbb9a:   cc cc cc cc cc cc 48 89 5c 24 08 57 48 83 ec 20
0x00007ffa703dbbaa:   83 fa 02 8d 42 06 b9 08 00 00 00 49 8b d8 0f 4e
0x00007ffa703dbbba:   c1 48 63 c8 48 83 c1 07 83 e1 f8 48 63 f9 49 8b
0x00007ffa703dbbca:   48 18 48 8b c7 48 f7 d0 48 3b c1 73 16 4c 8d 05
0x00007ffa703dbbda:   5a 55 17 00 48 8b d7 48 8b cb e8 47 05 91 ff 48
0x00007ffa703dbbea:   8b 4b 18 48 8d 04 39 48 3b 43 20 76 18 45 33 c0
0x00007ffa703dbbfa:   48 8b d7 48 8b cb 48 8b 5c 24 30 48 83 c4 20 5f
0x00007ffa703dbc0a:   e9 a1 01 91 ff 48 89 43 18 48 8b c1 48 8b 5c 24
0x00007ffa703dbc1a:   30 48 83 c4 20 5f c3 cc cc cc cc cc cc cc cc cc
0x00007ffa703dbc2a:   cc cc cc cc cc cc 4c 8b d2 4c 8b d9 45 85 c0 7e
0x00007ffa703dbc3a:   3c 44 0f b7 49 04 41 8d 40 ff 41 3b c1 44 0f 4c
0x00007ffa703dbc4a:   c8 4d 63 c1 45 85 c9 7e 1f 48 8b c2 4c 2b da 49
0x00007ffa703dbc5a:   8b d0 0f 1f 40 00 41 0f b6 4c 03 06 88 08 48 8d
0x00007ffa703dbc6a:   40 01 48 83 ea 01 75 ee 43 c6 04 10 00 49 8b c2
0x00007ffa703dbc7a:   c3 cc cc cc cc cc 48 89 5c 24 08 57 48 83 ec 20
0x00007ffa703dbc8a:   0f b7 59 04 48 8b f9 33 d2 48 8d 4b 01 e8 24 e8
0x00007ffa703dbc9a:   f2 ff 0f b7 57 04 4c 8b c0 3b da 0f 42 d3 44 8b
0x00007ffa703dbcaa:   ca 85 d2 74 39 48 2b f8 0f 1f 40 00 66 66 0f 1f
0x00007ffa703dbcba:   84 00 00 00 00 00 0f b6 4c 07 06 88 08 48 ff c0
0x00007ffa703dbcca:   48 8b c8 49 2b c8 49 3b c9 7c eb 42 c6 04 02 00
0x00007ffa703dbcda:   49 8b c0 48 8b 5c 24 30 48 83 c4 20 5f c3 48 8b
0x00007ffa703dbcea:   5c 24 30 c6 04 02 00 48 83 c4 20 5f c3 cc cc cc
0x00007ffa703dbcfa:   cc cc cc cc cc cc 4c 8b d1 45 85 c0 7e 6c 44 0f
0x00007ffa703dbd0a:   b7 49 04 41 8d 40 ff 41 3b c1 44 0f 4c c8 4d 63
0x00007ffa703dbd1a:   d9 45 85 c9 7e 22 48 8b ca 4c 2b d2 4d 8b c3 0f
0x00007ffa703dbd2a:   1f 80 00 00 00 00 41 0f b6 44 0a 06 88 01 48 8d
0x00007ffa703dbd3a:   49 01 49 83 e8 01 75 ee 41 c6 04 13 00 48 c7 c0
0x00007ffa703dbd4a:   ff ff ff ff 66 90 48 ff c0 80 3c 02 00 75 f7 48
0x00007ffa703dbd5a:   63 c8 85 c0 48 8b c2 7e 14 80 38 2f 75 03 c6 00
0x00007ffa703dbd6a:   2e 48 ff c0 48 83 e9 01 75 ef 48 8b c2 c3 cc cc
0x00007ffa703dbd7a:   cc cc cc cc cc cc 48 83 ec 28 e8 f7 fe ff ff 4c 


Stack slot to memory mapping:
stack at sp + 0 slots: 0x0000000000000017 is an unknown value
stack at sp + 1 slots: 0x0000000800117b68 is a pointer to class: 
simpledb.query.Constant {0x0000000800117b70}
 - instance size:     3
 - klass size:        75
 - access:            public synchronized 
 - state:             fully_initialized
 - name:              'simpledb/query/Constant'
 - super:             'java/lang/Object'
 - sub:               
 - arrays:            NULL
 - methods:           Array<T>(0x000001a3bf725e80)
 - method ordering:   Array<T>(0x000001a3bf7269c8)
 - default_methods:   Array<T>(0x0000000000000000)
 - local interfaces:  Array<T>(0x000001a3bf722548)
 - trans. interfaces: Array<T>(0x000001a3bf722548)
 - constants:         constant pool [95] {0x000001a3bf727138} for 'simpledb/query/Constant' cache=0x000001a3bf7274b0
 - class loader data:  loader data: 0x000001a3be43f720 for instance a 'jdk/internal/loader/ClassLoaders$AppClassLoader'{0x0000000712261b50}
 - source file:       'Constant.java'
 - source debug extension:       SMAP
Constant.java
Java
*S jdt
*F
1 Constant.java
2 file:/C:/Users/Atul/eclipse-workspace/SimpleDBEngine/bin/
*L
*E

 - class annotations:       Array<T>(0x0000000000000000)
 - class type annotations:  Array<T>(0x0000000000000000)
 - field annotations:       Array<T>(0x0000000000000000)
 - field type annotations:  Array<T>(0x0000000000000000)
 - generic signature: '
[error occurred during error reporting (inspecting top of stack), id 0xc0000005, EXCEPTION_ACCESS_VIOLATION (0xc0000005) at pc=0x00007ffa703dc896]


---------------  P R O C E S S  ---------------

Threads class SMR info:
_java_thread_list=0x000001a3be77cd80, length=21, elements={
0x000001a3be433020, 0x000001a3be434630, 0x000001a3bd986180, 0x000001a3be46c010,
0x000001a3be470490, 0x000001a3be470d50, 0x000001a3be473cc0, 0x000001a3be474a60,
0x000001a3be486750, 0x000001a3bd91ce60, 0x000001a3be6f5710, 0x000001a3be7a51f0,
0x000001a3be7b09f0, 0x000001a3be729b70, 0x000001a3bef9ed90, 0x000001a3bef3a600,
0x000001a3bef3ed00, 0x000001a3bef411e0, 0x000001a39cedcd40, 0x000001a3bed85b70,
0x000001a3be5cea60
}

Java Threads: ( => current thread )
  0x000001a3be433020 JavaThread "Reference Handler" daemon [_thread_blocked, id=20656, stack(0x0000005ec0900000,0x0000005ec0a00000)]
  0x000001a3be434630 JavaThread "Finalizer" daemon [_thread_blocked, id=11460, stack(0x0000005ec0a00000,0x0000005ec0b00000)]
  0x000001a3bd986180 JavaThread "Signal Dispatcher" daemon [_thread_blocked, id=15364, stack(0x0000005ec0b00000,0x0000005ec0c00000)]
  0x000001a3be46c010 JavaThread "Attach Listener" daemon [_thread_blocked, id=13532, stack(0x0000005ec0c00000,0x0000005ec0d00000)]
  0x000001a3be470490 JavaThread "Service Thread" daemon [_thread_blocked, id=20268, stack(0x0000005ec0d00000,0x0000005ec0e00000)]
  0x000001a3be470d50 JavaThread "Monitor Deflation Thread" daemon [_thread_blocked, id=8928, stack(0x0000005ec0e00000,0x0000005ec0f00000)]
  0x000001a3be473cc0 JavaThread "C2 CompilerThread0" daemon [_thread_blocked, id=17856, stack(0x0000005ec0f00000,0x0000005ec1000000)]
  0x000001a3be474a60 JavaThread "C1 CompilerThread0" daemon [_thread_blocked, id=18944, stack(0x0000005ec1000000,0x0000005ec1100000)]
  0x000001a3be486750 JavaThread "Sweeper thread" daemon [_thread_blocked, id=15244, stack(0x0000005ec1100000,0x0000005ec1200000)]
  0x000001a3bd91ce60 JavaThread "Common-Cleaner" daemon [_thread_blocked, id=6060, stack(0x0000005ec1200000,0x0000005ec1300000)]
=>0x000001a3be6f5710 JavaThread "JDWP Transport Listener: dt_socket" daemon [_thread_in_vm, id=6412, stack(0x0000005ec1300000,0x0000005ec1400000)]
  0x000001a3be7a51f0 JavaThread "JDWP Event Helper Thread" daemon [_thread_blocked, id=19636, stack(0x0000005ec1400000,0x0000005ec1500000)]
  0x000001a3be7b09f0 JavaThread "JDWP Command Reader" daemon [_thread_in_native, id=20148, stack(0x0000005ec1500000,0x0000005ec1600000)]
  0x000001a3be729b70 JavaThread "Notification Thread" daemon [_thread_blocked, id=2668, stack(0x0000005ec1700000,0x0000005ec1800000)]
  0x000001a3bef9ed90 JavaThread "RMI TCP Accept-1099" daemon [_thread_in_native, id=19488, stack(0x0000005ec1a00000,0x0000005ec1b00000)]
  0x000001a3bef3a600 JavaThread "RMI TCP Accept-0" daemon [_thread_in_native, id=12268, stack(0x0000005ec1b00000,0x0000005ec1c00000)]
  0x000001a3bef3ed00 JavaThread "RMI Reaper" [_thread_blocked, id=22080, stack(0x0000005ec1c00000,0x0000005ec1d00000)]
  0x000001a3bef411e0 JavaThread "RMI GC Daemon" daemon [_thread_blocked, id=11924, stack(0x0000005ec1d00000,0x0000005ec1e00000)]
  0x000001a39cedcd40 JavaThread "DestroyJavaVM" [_thread_blocked, id=6788, stack(0x0000005ec0200000,0x0000005ec0300000)]
  0x000001a3bed85b70 JavaThread "RMI Scheduler(0)" daemon [_thread_blocked, id=5292, stack(0x0000005ec1900000,0x0000005ec1a00000)]
  0x000001a3be5cea60 JavaThread "RMI TCP Connection(2)-192.168.0.102" daemon [_thread_blocked, id=18832, stack(0x0000005ec1e00000,0x0000005ec1f00000)]

Other Threads:
  0x000001a3be41f660 VMThread "VM Thread" [stack: 0x0000005ec0800000,0x0000005ec0900000] [id=10236]
  0x000001a3bed72e80 WatcherThread [stack: 0x0000005ec1800000,0x0000005ec1900000] [id=19764]
  0x000001a39cf2c230 GCTaskThread "GC Thread#0" [stack: 0x0000005ec0300000,0x0000005ec0400000] [id=13708]
  0x000001a39cf3cf00 ConcurrentGCThread "G1 Main Marker" [stack: 0x0000005ec0400000,0x0000005ec0500000] [id=4324]
  0x000001a39cf3e0b0 ConcurrentGCThread "G1 Conc#0" [stack: 0x0000005ec0500000,0x0000005ec0600000] [id=2064]
  0x000001a39cfb4b20 ConcurrentGCThread "G1 Refine#0" [stack: 0x0000005ec0600000,0x0000005ec0700000] [id=13952]
  0x000001a3bd7f2710 ConcurrentGCThread "G1 Service" [stack: 0x0000005ec0700000,0x0000005ec0800000] [id=18632]

Threads with active compile tasks:

VM state: not at safepoint (normal execution)

VM Mutex/Monitor currently owned by a thread: None

Heap address: 0x0000000702600000, size: 4058 MB, Compressed Oops mode: Zero based, Oop shift amount: 3

CDS archive(s) not mapped
Compressed class space mapped at: 0x0000000800000000-0x0000000840000000, reserved size: 1073741824
Narrow klass base: 0x0000000800000000, Narrow klass shift: 0, Narrow klass range: 0x40000000

GC Precious Log:
 CPUs: 8 total, 8 available
 Memory: 16229M
 Large Page Support: Disabled
 NUMA Support: Disabled
 Compressed Oops: Enabled (Zero based)
 Heap Region Size: 2M
 Heap Min Capacity: 8M
 Heap Initial Capacity: 254M
 Heap Max Capacity: 4058M
 Pre-touch: Disabled
 Parallel Workers: 8
 Concurrent Workers: 2
 Concurrent Refinement Workers: 8
 Periodic GC: Disabled

Heap:
 garbage-first heap   total 260096K, used 14336K [0x0000000702600000, 0x0000000800000000)
  region size 2048K, 8 young (16384K), 0 survivors (0K)
 Metaspace       used 12654K, committed 12800K, reserved 1064960K
  class space    used 1204K, committed 1280K, reserved 1048576K

Heap Regions: E=young(eden), S=young(survivor), O=old, HS=humongous(starts), HC=humongous(continues), CS=collection set, F=free, OA=open archive, CA=closed archive, TAMS=top-at-mark-start (previous, next)
|   0|0x0000000702600000, 0x0000000702600000, 0x0000000702800000|  0%| F|  |TAMS 0x0000000702600000, 0x0000000702600000| Untracked 
|   1|0x0000000702800000, 0x0000000702800000, 0x0000000702a00000|  0%| F|  |TAMS 0x0000000702800000, 0x0000000702800000| Untracked 
|   2|0x0000000702a00000, 0x0000000702a00000, 0x0000000702c00000|  0%| F|  |TAMS 0x0000000702a00000, 0x0000000702a00000| Untracked 
|   3|0x0000000702c00000, 0x0000000702c00000, 0x0000000702e00000|  0%| F|  |TAMS 0x0000000702c00000, 0x0000000702c00000| Untracked 
|   4|0x0000000702e00000, 0x0000000702e00000, 0x0000000703000000|  0%| F|  |TAMS 0x0000000702e00000, 0x0000000702e00000| Untracked 
|   5|0x0000000703000000, 0x0000000703000000, 0x0000000703200000|  0%| F|  |TAMS 0x0000000703000000, 0x0000000703000000| Untracked 
|   6|0x0000000703200000, 0x0000000703200000, 0x0000000703400000|  0%| F|  |TAMS 0x0000000703200000, 0x0000000703200000| Untracked 
|   7|0x0000000703400000, 0x0000000703400000, 0x0000000703600000|  0%| F|  |TAMS 0x0000000703400000, 0x0000000703400000| Untracked 
|   8|0x0000000703600000, 0x0000000703600000, 0x0000000703800000|  0%| F|  |TAMS 0x0000000703600000, 0x0000000703600000| Untracked 
|   9|0x0000000703800000, 0x0000000703800000, 0x0000000703a00000|  0%| F|  |TAMS 0x0000000703800000, 0x0000000703800000| Untracked 
|  10|0x0000000703a00000, 0x0000000703a00000, 0x0000000703c00000|  0%| F|  |TAMS 0x0000000703a00000, 0x0000000703a00000| Untracked 
|  11|0x0000000703c00000, 0x0000000703c00000, 0x0000000703e00000|  0%| F|  |TAMS 0x0000000703c00000, 0x0000000703c00000| Untracked 
|  12|0x0000000703e00000, 0x0000000703e00000, 0x0000000704000000|  0%| F|  |TAMS 0x0000000703e00000, 0x0000000703e00000| Untracked 
|  13|0x0000000704000000, 0x0000000704000000, 0x0000000704200000|  0%| F|  |TAMS 0x0000000704000000, 0x0000000704000000| Untracked 
|  14|0x0000000704200000, 0x0000000704200000, 0x0000000704400000|  0%| F|  |TAMS 0x0000000704200000, 0x0000000704200000| Untracked 
|  15|0x0000000704400000, 0x0000000704400000, 0x0000000704600000|  0%| F|  |TAMS 0x0000000704400000, 0x0000000704400000| Untracked 
|  16|0x0000000704600000, 0x0000000704600000, 0x0000000704800000|  0%| F|  |TAMS 0x0000000704600000, 0x0000000704600000| Untracked 
|  17|0x0000000704800000, 0x0000000704800000, 0x0000000704a00000|  0%| F|  |TAMS 0x0000000704800000, 0x0000000704800000| Untracked 
|  18|0x0000000704a00000, 0x0000000704a00000, 0x0000000704c00000|  0%| F|  |TAMS 0x0000000704a00000, 0x0000000704a00000| Untracked 
|  19|0x0000000704c00000, 0x0000000704c00000, 0x0000000704e00000|  0%| F|  |TAMS 0x0000000704c00000, 0x0000000704c00000| Untracked 
|  20|0x0000000704e00000, 0x0000000704e00000, 0x0000000705000000|  0%| F|  |TAMS 0x0000000704e00000, 0x0000000704e00000| Untracked 
|  21|0x0000000705000000, 0x0000000705000000, 0x0000000705200000|  0%| F|  |TAMS 0x0000000705000000, 0x0000000705000000| Untracked 
|  22|0x0000000705200000, 0x0000000705200000, 0x0000000705400000|  0%| F|  |TAMS 0x0000000705200000, 0x0000000705200000| Untracked 
|  23|0x0000000705400000, 0x0000000705400000, 0x0000000705600000|  0%| F|  |TAMS 0x0000000705400000, 0x0000000705400000| Untracked 
|  24|0x0000000705600000, 0x0000000705600000, 0x0000000705800000|  0%| F|  |TAMS 0x0000000705600000, 0x0000000705600000| Untracked 
|  25|0x0000000705800000, 0x0000000705800000, 0x0000000705a00000|  0%| F|  |TAMS 0x0000000705800000, 0x0000000705800000| Untracked 
|  26|0x0000000705a00000, 0x0000000705a00000, 0x0000000705c00000|  0%| F|  |TAMS 0x0000000705a00000, 0x0000000705a00000| Untracked 
|  27|0x0000000705c00000, 0x0000000705c00000, 0x0000000705e00000|  0%| F|  |TAMS 0x0000000705c00000, 0x0000000705c00000| Untracked 
|  28|0x0000000705e00000, 0x0000000705e00000, 0x0000000706000000|  0%| F|  |TAMS 0x0000000705e00000, 0x0000000705e00000| Untracked 
|  29|0x0000000706000000, 0x0000000706000000, 0x0000000706200000|  0%| F|  |TAMS 0x0000000706000000, 0x0000000706000000| Untracked 
|  30|0x0000000706200000, 0x0000000706200000, 0x0000000706400000|  0%| F|  |TAMS 0x0000000706200000, 0x0000000706200000| Untracked 
|  31|0x0000000706400000, 0x0000000706400000, 0x0000000706600000|  0%| F|  |TAMS 0x0000000706400000, 0x0000000706400000| Untracked 
|  32|0x0000000706600000, 0x0000000706600000, 0x0000000706800000|  0%| F|  |TAMS 0x0000000706600000, 0x0000000706600000| Untracked 
|  33|0x0000000706800000, 0x0000000706800000, 0x0000000706a00000|  0%| F|  |TAMS 0x0000000706800000, 0x0000000706800000| Untracked 
|  34|0x0000000706a00000, 0x0000000706a00000, 0x0000000706c00000|  0%| F|  |TAMS 0x0000000706a00000, 0x0000000706a00000| Untracked 
|  35|0x0000000706c00000, 0x0000000706c00000, 0x0000000706e00000|  0%| F|  |TAMS 0x0000000706c00000, 0x0000000706c00000| Untracked 
|  36|0x0000000706e00000, 0x0000000706e00000, 0x0000000707000000|  0%| F|  |TAMS 0x0000000706e00000, 0x0000000706e00000| Untracked 
|  37|0x0000000707000000, 0x0000000707000000, 0x0000000707200000|  0%| F|  |TAMS 0x0000000707000000, 0x0000000707000000| Untracked 
|  38|0x0000000707200000, 0x0000000707200000, 0x0000000707400000|  0%| F|  |TAMS 0x0000000707200000, 0x0000000707200000| Untracked 
|  39|0x0000000707400000, 0x0000000707400000, 0x0000000707600000|  0%| F|  |TAMS 0x0000000707400000, 0x0000000707400000| Untracked 
|  40|0x0000000707600000, 0x0000000707600000, 0x0000000707800000|  0%| F|  |TAMS 0x0000000707600000, 0x0000000707600000| Untracked 
|  41|0x0000000707800000, 0x0000000707800000, 0x0000000707a00000|  0%| F|  |TAMS 0x0000000707800000, 0x0000000707800000| Untracked 
|  42|0x0000000707a00000, 0x0000000707a00000, 0x0000000707c00000|  0%| F|  |TAMS 0x0000000707a00000, 0x0000000707a00000| Untracked 
|  43|0x0000000707c00000, 0x0000000707c00000, 0x0000000707e00000|  0%| F|  |TAMS 0x0000000707c00000, 0x0000000707c00000| Untracked 
|  44|0x0000000707e00000, 0x0000000707e00000, 0x0000000708000000|  0%| F|  |TAMS 0x0000000707e00000, 0x0000000707e00000| Untracked 
|  45|0x0000000708000000, 0x0000000708000000, 0x0000000708200000|  0%| F|  |TAMS 0x0000000708000000, 0x0000000708000000| Untracked 
|  46|0x0000000708200000, 0x0000000708200000, 0x0000000708400000|  0%| F|  |TAMS 0x0000000708200000, 0x0000000708200000| Untracked 
|  47|0x0000000708400000, 0x0000000708400000, 0x0000000708600000|  0%| F|  |TAMS 0x0000000708400000, 0x0000000708400000| Untracked 
|  48|0x0000000708600000, 0x0000000708600000, 0x0000000708800000|  0%| F|  |TAMS 0x0000000708600000, 0x0000000708600000| Untracked 
|  49|0x0000000708800000, 0x0000000708800000, 0x0000000708a00000|  0%| F|  |TAMS 0x0000000708800000, 0x0000000708800000| Untracked 
|  50|0x0000000708a00000, 0x0000000708a00000, 0x0000000708c00000|  0%| F|  |TAMS 0x0000000708a00000, 0x0000000708a00000| Untracked 
|  51|0x0000000708c00000, 0x0000000708c00000, 0x0000000708e00000|  0%| F|  |TAMS 0x0000000708c00000, 0x0000000708c00000| Untracked 
|  52|0x0000000708e00000, 0x0000000708e00000, 0x0000000709000000|  0%| F|  |TAMS 0x0000000708e00000, 0x0000000708e00000| Untracked 
|  53|0x0000000709000000, 0x0000000709000000, 0x0000000709200000|  0%| F|  |TAMS 0x0000000709000000, 0x0000000709000000| Untracked 
|  54|0x0000000709200000, 0x0000000709200000, 0x0000000709400000|  0%| F|  |TAMS 0x0000000709200000, 0x0000000709200000| Untracked 
|  55|0x0000000709400000, 0x0000000709400000, 0x0000000709600000|  0%| F|  |TAMS 0x0000000709400000, 0x0000000709400000| Untracked 
|  56|0x0000000709600000, 0x0000000709600000, 0x0000000709800000|  0%| F|  |TAMS 0x0000000709600000, 0x0000000709600000| Untracked 
|  57|0x0000000709800000, 0x0000000709800000, 0x0000000709a00000|  0%| F|  |TAMS 0x0000000709800000, 0x0000000709800000| Untracked 
|  58|0x0000000709a00000, 0x0000000709a00000, 0x0000000709c00000|  0%| F|  |TAMS 0x0000000709a00000, 0x0000000709a00000| Untracked 
|  59|0x0000000709c00000, 0x0000000709c00000, 0x0000000709e00000|  0%| F|  |TAMS 0x0000000709c00000, 0x0000000709c00000| Untracked 
|  60|0x0000000709e00000, 0x0000000709e00000, 0x000000070a000000|  0%| F|  |TAMS 0x0000000709e00000, 0x0000000709e00000| Untracked 
|  61|0x000000070a000000, 0x000000070a000000, 0x000000070a200000|  0%| F|  |TAMS 0x000000070a000000, 0x000000070a000000| Untracked 
|  62|0x000000070a200000, 0x000000070a200000, 0x000000070a400000|  0%| F|  |TAMS 0x000000070a200000, 0x000000070a200000| Untracked 
|  63|0x000000070a400000, 0x000000070a400000, 0x000000070a600000|  0%| F|  |TAMS 0x000000070a400000, 0x000000070a400000| Untracked 
|  64|0x000000070a600000, 0x000000070a600000, 0x000000070a800000|  0%| F|  |TAMS 0x000000070a600000, 0x000000070a600000| Untracked 
|  65|0x000000070a800000, 0x000000070a800000, 0x000000070aa00000|  0%| F|  |TAMS 0x000000070a800000, 0x000000070a800000| Untracked 
|  66|0x000000070aa00000, 0x000000070aa00000, 0x000000070ac00000|  0%| F|  |TAMS 0x000000070aa00000, 0x000000070aa00000| Untracked 
|  67|0x000000070ac00000, 0x000000070ac00000, 0x000000070ae00000|  0%| F|  |TAMS 0x000000070ac00000, 0x000000070ac00000| Untracked 
|  68|0x000000070ae00000, 0x000000070ae00000, 0x000000070b000000|  0%| F|  |TAMS 0x000000070ae00000, 0x000000070ae00000| Untracked 
|  69|0x000000070b000000, 0x000000070b000000, 0x000000070b200000|  0%| F|  |TAMS 0x000000070b000000, 0x000000070b000000| Untracked 
|  70|0x000000070b200000, 0x000000070b200000, 0x000000070b400000|  0%| F|  |TAMS 0x000000070b200000, 0x000000070b200000| Untracked 
|  71|0x000000070b400000, 0x000000070b400000, 0x000000070b600000|  0%| F|  |TAMS 0x000000070b400000, 0x000000070b400000| Untracked 
|  72|0x000000070b600000, 0x000000070b600000, 0x000000070b800000|  0%| F|  |TAMS 0x000000070b600000, 0x000000070b600000| Untracked 
|  73|0x000000070b800000, 0x000000070b800000, 0x000000070ba00000|  0%| F|  |TAMS 0x000000070b800000, 0x000000070b800000| Untracked 
|  74|0x000000070ba00000, 0x000000070ba00000, 0x000000070bc00000|  0%| F|  |TAMS 0x000000070ba00000, 0x000000070ba00000| Untracked 
|  75|0x000000070bc00000, 0x000000070bc00000, 0x000000070be00000|  0%| F|  |TAMS 0x000000070bc00000, 0x000000070bc00000| Untracked 
|  76|0x000000070be00000, 0x000000070be00000, 0x000000070c000000|  0%| F|  |TAMS 0x000000070be00000, 0x000000070be00000| Untracked 
|  77|0x000000070c000000, 0x000000070c000000, 0x000000070c200000|  0%| F|  |TAMS 0x000000070c000000, 0x000000070c000000| Untracked 
|  78|0x000000070c200000, 0x000000070c200000, 0x000000070c400000|  0%| F|  |TAMS 0x000000070c200000, 0x000000070c200000| Untracked 
|  79|0x000000070c400000, 0x000000070c400000, 0x000000070c600000|  0%| F|  |TAMS 0x000000070c400000, 0x000000070c400000| Untracked 
|  80|0x000000070c600000, 0x000000070c600000, 0x000000070c800000|  0%| F|  |TAMS 0x000000070c600000, 0x000000070c600000| Untracked 
|  81|0x000000070c800000, 0x000000070c800000, 0x000000070ca00000|  0%| F|  |TAMS 0x000000070c800000, 0x000000070c800000| Untracked 
|  82|0x000000070ca00000, 0x000000070ca00000, 0x000000070cc00000|  0%| F|  |TAMS 0x000000070ca00000, 0x000000070ca00000| Untracked 
|  83|0x000000070cc00000, 0x000000070cc00000, 0x000000070ce00000|  0%| F|  |TAMS 0x000000070cc00000, 0x000000070cc00000| Untracked 
|  84|0x000000070ce00000, 0x000000070ce00000, 0x000000070d000000|  0%| F|  |TAMS 0x000000070ce00000, 0x000000070ce00000| Untracked 
|  85|0x000000070d000000, 0x000000070d000000, 0x000000070d200000|  0%| F|  |TAMS 0x000000070d000000, 0x000000070d000000| Untracked 
|  86|0x000000070d200000, 0x000000070d200000, 0x000000070d400000|  0%| F|  |TAMS 0x000000070d200000, 0x000000070d200000| Untracked 
|  87|0x000000070d400000, 0x000000070d400000, 0x000000070d600000|  0%| F|  |TAMS 0x000000070d400000, 0x000000070d400000| Untracked 
|  88|0x000000070d600000, 0x000000070d600000, 0x000000070d800000|  0%| F|  |TAMS 0x000000070d600000, 0x000000070d600000| Untracked 
|  89|0x000000070d800000, 0x000000070d800000, 0x000000070da00000|  0%| F|  |TAMS 0x000000070d800000, 0x000000070d800000| Untracked 
|  90|0x000000070da00000, 0x000000070da00000, 0x000000070dc00000|  0%| F|  |TAMS 0x000000070da00000, 0x000000070da00000| Untracked 
|  91|0x000000070dc00000, 0x000000070dc00000, 0x000000070de00000|  0%| F|  |TAMS 0x000000070dc00000, 0x000000070dc00000| Untracked 
|  92|0x000000070de00000, 0x000000070de00000, 0x000000070e000000|  0%| F|  |TAMS 0x000000070de00000, 0x000000070de00000| Untracked 
|  93|0x000000070e000000, 0x000000070e000000, 0x000000070e200000|  0%| F|  |TAMS 0x000000070e000000, 0x000000070e000000| Untracked 
|  94|0x000000070e200000, 0x000000070e200000, 0x000000070e400000|  0%| F|  |TAMS 0x000000070e200000, 0x000000070e200000| Untracked 
|  95|0x000000070e400000, 0x000000070e400000, 0x000000070e600000|  0%| F|  |TAMS 0x000000070e400000, 0x000000070e400000| Untracked 
|  96|0x000000070e600000, 0x000000070e600000, 0x000000070e800000|  0%| F|  |TAMS 0x000000070e600000, 0x000000070e600000| Untracked 
|  97|0x000000070e800000, 0x000000070e800000, 0x000000070ea00000|  0%| F|  |TAMS 0x000000070e800000, 0x000000070e800000| Untracked 
|  98|0x000000070ea00000, 0x000000070ea00000, 0x000000070ec00000|  0%| F|  |TAMS 0x000000070ea00000, 0x000000070ea00000| Untracked 
|  99|0x000000070ec00000, 0x000000070ec00000, 0x000000070ee00000|  0%| F|  |TAMS 0x000000070ec00000, 0x000000070ec00000| Untracked 
| 100|0x000000070ee00000, 0x000000070ee00000, 0x000000070f000000|  0%| F|  |TAMS 0x000000070ee00000, 0x000000070ee00000| Untracked 
| 101|0x000000070f000000, 0x000000070f000000, 0x000000070f200000|  0%| F|  |TAMS 0x000000070f000000, 0x000000070f000000| Untracked 
| 102|0x000000070f200000, 0x000000070f200000, 0x000000070f400000|  0%| F|  |TAMS 0x000000070f200000, 0x000000070f200000| Untracked 
| 103|0x000000070f400000, 0x000000070f400000, 0x000000070f600000|  0%| F|  |TAMS 0x000000070f400000, 0x000000070f400000| Untracked 
| 104|0x000000070f600000, 0x000000070f600000, 0x000000070f800000|  0%| F|  |TAMS 0x000000070f600000, 0x000000070f600000| Untracked 
| 105|0x000000070f800000, 0x000000070f800000, 0x000000070fa00000|  0%| F|  |TAMS 0x000000070f800000, 0x000000070f800000| Untracked 
| 106|0x000000070fa00000, 0x000000070fa00000, 0x000000070fc00000|  0%| F|  |TAMS 0x000000070fa00000, 0x000000070fa00000| Untracked 
| 107|0x000000070fc00000, 0x000000070fc00000, 0x000000070fe00000|  0%| F|  |TAMS 0x000000070fc00000, 0x000000070fc00000| Untracked 
| 108|0x000000070fe00000, 0x000000070fe00000, 0x0000000710000000|  0%| F|  |TAMS 0x000000070fe00000, 0x000000070fe00000| Untracked 
| 109|0x0000000710000000, 0x0000000710000000, 0x0000000710200000|  0%| F|  |TAMS 0x0000000710000000, 0x0000000710000000| Untracked 
| 110|0x0000000710200000, 0x0000000710200000, 0x0000000710400000|  0%| F|  |TAMS 0x0000000710200000, 0x0000000710200000| Untracked 
| 111|0x0000000710400000, 0x0000000710400000, 0x0000000710600000|  0%| F|  |TAMS 0x0000000710400000, 0x0000000710400000| Untracked 
| 112|0x0000000710600000, 0x0000000710600000, 0x0000000710800000|  0%| F|  |TAMS 0x0000000710600000, 0x0000000710600000| Untracked 
| 113|0x0000000710800000, 0x0000000710800000, 0x0000000710a00000|  0%| F|  |TAMS 0x0000000710800000, 0x0000000710800000| Untracked 
| 114|0x0000000710a00000, 0x0000000710a00000, 0x0000000710c00000|  0%| F|  |TAMS 0x0000000710a00000, 0x0000000710a00000| Untracked 
| 115|0x0000000710c00000, 0x0000000710c00000, 0x0000000710e00000|  0%| F|  |TAMS 0x0000000710c00000, 0x0000000710c00000| Untracked 
| 116|0x0000000710e00000, 0x0000000710e00000, 0x0000000711000000|  0%| F|  |TAMS 0x0000000710e00000, 0x0000000710e00000| Untracked 
| 117|0x0000000711000000, 0x0000000711000000, 0x0000000711200000|  0%| F|  |TAMS 0x0000000711000000, 0x0000000711000000| Untracked 
| 118|0x0000000711200000, 0x0000000711200000, 0x0000000711400000|  0%| F|  |TAMS 0x0000000711200000, 0x0000000711200000| Untracked 
| 119|0x0000000711400000, 0x0000000711471270, 0x0000000711600000| 22%| E|  |TAMS 0x0000000711400000, 0x0000000711400000| Complete 
| 120|0x0000000711600000, 0x0000000711800000, 0x0000000711800000|100%| E|CS|TAMS 0x0000000711600000, 0x0000000711600000| Complete 
| 121|0x0000000711800000, 0x0000000711a00000, 0x0000000711a00000|100%| E|CS|TAMS 0x0000000711800000, 0x0000000711800000| Complete 
| 122|0x0000000711a00000, 0x0000000711c00000, 0x0000000711c00000|100%| E|CS|TAMS 0x0000000711a00000, 0x0000000711a00000| Complete 
| 123|0x0000000711c00000, 0x0000000711e00000, 0x0000000711e00000|100%| E|CS|TAMS 0x0000000711c00000, 0x0000000711c00000| Complete 
| 124|0x0000000711e00000, 0x0000000712000000, 0x0000000712000000|100%| E|CS|TAMS 0x0000000711e00000, 0x0000000711e00000| Complete 
| 125|0x0000000712000000, 0x0000000712200000, 0x0000000712200000|100%| E|CS|TAMS 0x0000000712000000, 0x0000000712000000| Complete 
| 126|0x0000000712200000, 0x0000000712400000, 0x0000000712400000|100%| E|CS|TAMS 0x0000000712200000, 0x0000000712200000| Complete 

Card table byte_map: [0x000001a3b1fc0000,0x000001a3b27b0000] _byte_map_base: 0x000001a3ae7ad000

Marking Bits (Prev, Next): (CMBitMap*) 0x000001a39cf2c840, (CMBitMap*) 0x000001a39cf2c880
 Prev Bits: [0x000001a3b2fa0000, 0x000001a3b6f08000)
 Next Bits: [0x000001a3b6f10000, 0x000001a3bae78000)

Polling page: 0x000001a39cfc0000

Metaspace:

Usage:
  Non-class:     11.18 MB used.
      Class:      1.18 MB used.
       Both:     12.36 MB used.

Virtual space:
  Non-class space:       16.00 MB reserved,      11.25 MB ( 70%) committed,  2 nodes.
      Class space:        1.00 GB reserved,       1.25 MB ( <1%) committed,  1 nodes.
             Both:        1.02 GB reserved,      12.50 MB (  1%) committed. 

Chunk freelists:
   Non-Class:  354.00 KB
       Class:  2.64 MB
        Both:  2.99 MB

MaxMetaspaceSize: unlimited
CompressedClassSpaceSize: 1.00 GB
Initial GC threshold: 21.00 MB
Current GC threshold: 21.00 MB
CDS: off
MetaspaceReclaimPolicy: balanced
 - commit_granule_bytes: 65536.
 - commit_granule_words: 8192.
 - virtual_space_node_default_size: 1048576.
 - enlarge_chunks_in_place: 1.
 - new_chunks_are_fully_committed: 0.
 - uncommit_free_chunks: 1.
 - use_allocation_guard: 0.
 - handle_deallocations: 1.


Internal statistics:

num_allocs_failed_limit: 0.
num_arena_births: 98.
num_arena_deaths: 0.
num_vsnodes_births: 3.
num_vsnodes_deaths: 0.
num_space_committed: 200.
num_space_uncommitted: 0.
num_chunks_returned_to_freelist: 0.
num_chunks_taken_from_freelist: 172.
num_chunk_merges: 0.
num_chunk_splits: 97.
num_chunks_enlarged: 53.
num_purges: 0.
num_inconsistent_stats: 0.

CodeHeap 'non-profiled nmethods': size=120000Kb used=289Kb max_used=289Kb free=119710Kb
 bounds [0x000001a3a9840000, 0x000001a3a9ab0000, 0x000001a3b0d70000]
CodeHeap 'profiled nmethods': size=120000Kb used=1196Kb max_used=1196Kb free=118803Kb
 bounds [0x000001a3a2310000, 0x000001a3a2580000, 0x000001a3a9840000]
CodeHeap 'non-nmethods': size=5760Kb used=1218Kb max_used=1238Kb free=4541Kb
 bounds [0x000001a3a1d70000, 0x000001a3a1fe0000, 0x000001a3a2310000]
 total_blobs=1244 nmethods=803 adapters=354
 compilation: enabled
              stopped_count=0, restarted_count=0
 full_count=0

Compilation events (20 events):
Event: 12.285 Thread 0x000001a3be474a60  794       3       java.io.ObjectStreamField::getSignature (39 bytes)
Event: 12.285 Thread 0x000001a3be474a60 nmethod 794 0x000001a3a2439290 code [0x000001a3a24394a0, 0x000001a3a2439988]
Event: 12.285 Thread 0x000001a3be474a60  795       3       java.lang.Class::getComponentType (14 bytes)
Event: 12.285 Thread 0x000001a3be474a60 nmethod 795 0x000001a3a2439b90 code [0x000001a3a2439d40, 0x000001a3a2439f08]
Event: 12.285 Thread 0x000001a3be474a60  796       1       java.nio.Buffer::capacity (5 bytes)
Event: 12.285 Thread 0x000001a3be474a60 nmethod 796 0x000001a3a9885b10 code [0x000001a3a9885ca0, 0x000001a3a9885d78]
Event: 12.285 Thread 0x000001a3be474a60  797       1       sun.nio.ch.NativeThread::current (2 bytes)
Event: 12.285 Thread 0x000001a3be474a60 nmethod 797 0x000001a3a9885e10 code [0x000001a3a9885fa0, 0x000001a3a9886058]
Event: 13.740 Thread 0x000001a3be474a60  798       3       org.eclipse.jdt.launching.internal.org.objectweb.asm.ClassReader::readUtf (44 bytes)
Event: 13.740 Thread 0x000001a3be474a60 nmethod 798 0x000001a3a2439f90 code [0x000001a3a243a160, 0x000001a3a243a578]
Event: 13.742 Thread 0x000001a3be473cc0  799       4       org.eclipse.jdt.launching.internal.org.objectweb.asm.ClassReader::readUTF8 (23 bytes)
Event: 13.745 Thread 0x000001a3be474a60  800       3       jdk.internal.math.FDBigInteger::mult (64 bytes)
Event: 13.745 Thread 0x000001a3be474a60 nmethod 800 0x000001a3a243a710 code [0x000001a3a243a8c0, 0x000001a3a243ab58]
Event: 13.745 Thread 0x000001a3be474a60  801       3       jdk.internal.math.FDBigInteger::<init> (30 bytes)
Event: 13.745 Thread 0x000001a3be474a60 nmethod 801 0x000001a3a243ad90 code [0x000001a3a243af40, 0x000001a3a243b168]
Event: 13.754 Thread 0x000001a3be473cc0 nmethod 799 0x000001a3a9886110 code [0x000001a3a98862c0, 0x000001a3a98872b8]
Event: 13.754 Thread 0x000001a3be473cc0  802       4       java.util.HashMap::getNode (150 bytes)
Event: 13.756 Thread 0x000001a3be473cc0 nmethod 802 0x000001a3a9887a90 code [0x000001a3a9887c20, 0x000001a3a9887fb8]
Event: 176.377 Thread 0x000001a3be474a60  804       3       org.eclipse.jdt.launching.internal.org.objectweb.asm.ByteVector::putInt (74 bytes)
Event: 176.381 Thread 0x000001a3be474a60 


GC Heap History (0 events):
No events

Deoptimization events (20 events):
Event: 0.358 Thread 0x000001a39cedcd40 DEOPT PACKING pc=0x000001a3a2381354 sp=0x0000005ec02f7b50
Event: 0.358 Thread 0x000001a39cedcd40 DEOPT UNPACKING pc=0x000001a3a1dc2b43 sp=0x0000005ec02f6fb8 mode 0
Event: 0.358 Thread 0x000001a39cedcd40 DEOPT PACKING pc=0x000001a3a2381354 sp=0x0000005ec02f7b50
Event: 0.358 Thread 0x000001a39cedcd40 DEOPT UNPACKING pc=0x000001a3a1dc2b43 sp=0x0000005ec02f6fb8 mode 0
Event: 0.378 Thread 0x000001a39cedcd40 DEOPT PACKING pc=0x000001a3a23403ea sp=0x0000005ec02fdac0
Event: 0.378 Thread 0x000001a39cedcd40 DEOPT UNPACKING pc=0x000001a3a1dc2b43 sp=0x0000005ec02fcee0 mode 0
Event: 0.400 Thread 0x000001a39cedcd40 Uncommon trap: trap_request=0xffffff5c fr.pc=0x000001a3a985a26c relative=0x000000000000006c
Event: 0.400 Thread 0x000001a39cedcd40 Uncommon trap: reason=speculate_null_check action=make_not_entrant pc=0x000001a3a985a26c method=jdk.internal.misc.Unsafe.getIntUnaligned(Ljava/lang/Object;JZ)I @ 5 c2
Event: 0.400 Thread 0x000001a39cedcd40 DEOPT PACKING pc=0x000001a3a985a26c sp=0x0000005ec02febb0
Event: 0.400 Thread 0x000001a39cedcd40 DEOPT UNPACKING pc=0x000001a3a1dc23a3 sp=0x0000005ec02feb40 mode 2
Event: 0.425 Thread 0x000001a39cedcd40 DEOPT PACKING pc=0x000001a3a23251d5 sp=0x0000005ec02fad30
Event: 0.425 Thread 0x000001a39cedcd40 DEOPT UNPACKING pc=0x000001a3a1dc2b43 sp=0x0000005ec02fa1a8 mode 0
Event: 0.472 Thread 0x000001a39cedcd40 Uncommon trap: trap_request=0xffffff45 fr.pc=0x000001a3a9859ad8 relative=0x00000000000000b8
Event: 0.472 Thread 0x000001a39cedcd40 Uncommon trap: reason=unstable_if action=reinterpret pc=0x000001a3a9859ad8 method=java.lang.invoke.VarHandle.checkExactAccessMode(Ljava/lang/invoke/VarHandle$AccessDescriptor;)V @ 4 c2
Event: 0.472 Thread 0x000001a39cedcd40 DEOPT PACKING pc=0x000001a3a9859ad8 sp=0x0000005ec02fe1f0
Event: 0.472 Thread 0x000001a39cedcd40 DEOPT UNPACKING pc=0x000001a3a1dc23a3 sp=0x0000005ec02fe1b0 mode 2
Event: 13.740 Thread 0x000001a3be5cea60 Uncommon trap: trap_request=0xffffff45 fr.pc=0x000001a3a9869be4 relative=0x0000000000000d24
Event: 13.740 Thread 0x000001a3be5cea60 Uncommon trap: reason=unstable_if action=reinterpret pc=0x000001a3a9869be4 method=java.lang.String.<init>([CIILjava/lang/Void;)V @ 5 c2
Event: 13.740 Thread 0x000001a3be5cea60 DEOPT PACKING pc=0x000001a3a9869be4 sp=0x0000005ec1efb6a0
Event: 13.740 Thread 0x000001a3be5cea60 DEOPT UNPACKING pc=0x000001a3a1dc23a3 sp=0x0000005ec1efb510 mode 2

Classes unloaded (0 events):
No events

Classes redefined (1 events):
Event: 176.378 Thread 0x000001a3be41f660 redefined class name=simpledb.query.Constant, count=1

Internal exceptions (6 events):
Event: 0.418 Thread 0x000001a39cedcd40 Exception <a 'java/lang/NoSuchMethodError'{0x0000000711d80598}: 'java.lang.Object java.lang.invoke.DirectMethodHandle$Holder.invokeStaticInit(java.lang.Object)'> (0x0000000711d80598) 
thrown [e:\jenkins\tmp\workspace\build\src\src\hotspot\share\interpreter\linkResolver.cpp, line 766]
Event: 0.438 Thread 0x000001a39cedcd40 Exception <a 'java/lang/NoSuchMethodError'{0x0000000711a36730}: 'java.lang.Object java.lang.invoke.DirectMethodHandle$Holder.invokeStaticInit(java.lang.Object, int, int, int, int)'> (0x0000000711a36730) 
thrown [e:\jenkins\tmp\workspace\build\src\src\hotspot\share\interpreter\linkResolver.cpp, line 766]
Event: 0.465 Thread 0x000001a39cedcd40 Exception <a 'java/lang/NoSuchMethodError'{0x0000000711ab5298}: 'java.lang.Object java.lang.invoke.DirectMethodHandle$Holder.invokeStaticInit(java.lang.Object, java.lang.Object, int, int, int, int)'> (0x0000000711ab5298) 
thrown [e:\jenkins\tmp\workspace\build\src\src\hotspot\share\interpreter\linkResolver.cpp, line 766]
Event: 0.488 Thread 0x000001a39cedcd40 Exception <a 'java/lang/NoSuchMethodError'{0x0000000711b59e00}: 'void java.lang.invoke.DirectMethodHandle$Holder.invokeStatic(java.lang.Object, java.lang.Object)'> (0x0000000711b59e00) 
thrown [e:\jenkins\tmp\workspace\build\src\src\hotspot\share\interpreter\linkResolver.cpp, line 766]
Event: 12.256 Thread 0x000001a3be5cea60 Exception <a 'java/lang/NoSuchMethodError'{0x000000071177d338}: static [B.<clinit>()V> (0x000000071177d338) 
thrown [e:\jenkins\tmp\workspace\build\src\src\hotspot\share\prims\jni.cpp, line 1107]
Event: 13.747 Thread 0x000001a3be5cea60 Exception <a 'java/lang/NullPointerException'{0x00000007114444a0}> (0x00000007114444a0) 
thrown [e:\jenkins\tmp\workspace\build\src\src\hotspot\share\interpreter\linkResolver.cpp, line 1357]

VM Operations (20 events):
Event: 14.147 Executing VM operation: get/set locals
Event: 14.147 Executing VM operation: get/set locals done
Event: 14.147 Executing VM operation: get/set locals
Event: 14.148 Executing VM operation: get/set locals done
Event: 14.148 Executing VM operation: get/set locals
Event: 14.148 Executing VM operation: get/set locals done
Event: 42.322 Executing VM operation: Cleanup
Event: 42.322 Executing VM operation: Cleanup done
Event: 176.375 Executing VM operation: ChangeSingleStep
Event: 176.375 Executing VM operation: ChangeSingleStep done
Event: 176.375 Executing VM operation: ChangeSingleStep
Event: 176.375 Executing VM operation: ChangeSingleStep done
Event: 176.377 Executing VM operation: RedefineClasses
Event: 176.381 Executing VM operation: RedefineClasses done
Event: 176.382 Executing VM operation: ChangeSingleStep
Event: 176.382 Executing VM operation: ChangeSingleStep done
Event: 176.382 Executing VM operation: get/set locals
Event: 176.382 Executing VM operation: get/set locals done
Event: 176.383 Executing VM operation: ChangeSingleStep
Event: 176.383 Executing VM operation: ChangeSingleStep done

Events (20 events):
Event: 12.256 loading class java/io/ObjectStreamClass$1 done
Event: 12.256 loading class java/io/ObjectStreamClass$MemberSignature
Event: 12.256 loading class java/io/ObjectStreamClass$MemberSignature done
Event: 12.256 loading class java/io/ObjectStreamClass$3
Event: 12.256 loading class java/io/ObjectStreamClass$3 done
Event: 12.256 loading class java/io/ObjectStreamClass$4
Event: 12.256 loading class java/io/ObjectStreamClass$4 done
Event: 12.256 loading class java/io/ObjectStreamClass$5
Event: 12.256 loading class java/io/ObjectStreamClass$5 done
Event: 13.743 loading class java/io/Reader
Event: 13.744 loading class java/io/Reader done
Event: 13.744 loading class java/io/StringReader
Event: 13.744 loading class java/io/StringReader done
Event: 13.744 loading class java/io/StreamTokenizer
Event: 13.744 loading class java/io/StreamTokenizer done
Event: 13.744 loading class jdk/internal/math/FDBigInteger
Event: 13.744 loading class jdk/internal/math/FDBigInteger done
Event: 13.745 loading class java/lang/StrictMath
Event: 13.745 loading class java/lang/StrictMath done
Event: 102.258 Thread 0x000001a3be7a3020 Thread exited: 0x000001a3be7a3020


Dynamic libraries:
0x00007ff70fa20000 - 0x00007ff70fa2e000 	C:\Users\Atul\.p2\pool\plugins\org.eclipse.justj.openjdk.hotspot.jre.full.win32.x86_64_17.0.1.v20211116-1657\jre\bin\javaw.exe
0x00007ffada310000 - 0x00007ffada505000 	C:\WINDOWS\SYSTEM32\ntdll.dll
0x00007ffada150000 - 0x00007ffada20e000 	C:\WINDOWS\System32\KERNEL32.DLL
0x00007ffad7df0000 - 0x00007ffad80b8000 	C:\WINDOWS\System32\KERNELBASE.dll
0x00007ffad7bb0000 - 0x00007ffad7cb0000 	C:\WINDOWS\System32\ucrtbase.dll
0x00007ffad10f0000 - 0x00007ffad1108000 	C:\Users\Atul\.p2\pool\plugins\org.eclipse.justj.openjdk.hotspot.jre.full.win32.x86_64_17.0.1.v20211116-1657\jre\bin\jli.dll
0x00007ffacfa90000 - 0x00007ffacfaa9000 	C:\Users\Atul\.p2\pool\plugins\org.eclipse.justj.openjdk.hotspot.jre.full.win32.x86_64_17.0.1.v20211116-1657\jre\bin\VCRUNTIME140.dll
0x00007ffad8ed0000 - 0x00007ffad9071000 	C:\WINDOWS\System32\USER32.dll
0x00007ffad7ae0000 - 0x00007ffad7b02000 	C:\WINDOWS\System32\win32u.dll
0x00007ffac0620000 - 0x00007ffac08ba000 	C:\WINDOWS\WinSxS\amd64_microsoft.windows.common-controls_6595b64144ccf1df_6.0.19041.1110_none_60b5254171f9507e\COMCTL32.dll
0x00007ffad8cc0000 - 0x00007ffad8ceb000 	C:\WINDOWS\System32\GDI32.dll
0x00007ffad8cf0000 - 0x00007ffad8d8e000 	C:\WINDOWS\System32\msvcrt.dll
0x00007ffad7ce0000 - 0x00007ffad7deb000 	C:\WINDOWS\System32\gdi32full.dll
0x00007ffad7b10000 - 0x00007ffad7bad000 	C:\WINDOWS\System32\msvcp_win.dll
0x00007ffad8aa0000 - 0x00007ffad8ad0000 	C:\WINDOWS\System32\IMM32.DLL
0x00007ffad2eb0000 - 0x00007ffad2ebc000 	C:\Users\Atul\.p2\pool\plugins\org.eclipse.justj.openjdk.hotspot.jre.full.win32.x86_64_17.0.1.v20211116-1657\jre\bin\vcruntime140_1.dll
0x00007ffababd0000 - 0x00007ffabac61000 	C:\Users\Atul\.p2\pool\plugins\org.eclipse.justj.openjdk.hotspot.jre.full.win32.x86_64_17.0.1.v20211116-1657\jre\bin\msvcp140.dll
0x00007ffa6fc40000 - 0x00007ffa70886000 	C:\Users\Atul\.p2\pool\plugins\org.eclipse.justj.openjdk.hotspot.jre.full.win32.x86_64_17.0.1.v20211116-1657\jre\bin\server\jvm.dll
0x00007ffad95a0000 - 0x00007ffad964c000 	C:\WINDOWS\System32\ADVAPI32.dll
0x00007ffad9af0000 - 0x00007ffad9b8b000 	C:\WINDOWS\System32\sechost.dll
0x00007ffad9090000 - 0x00007ffad91ba000 	C:\WINDOWS\System32\RPCRT4.dll
0x00007ffada2c0000 - 0x00007ffada2c8000 	C:\WINDOWS\System32\PSAPI.DLL
0x00007ffad06e0000 - 0x00007ffad06ea000 	C:\WINDOWS\SYSTEM32\VERSION.dll
0x00007ffabdde0000 - 0x00007ffabde07000 	C:\WINDOWS\SYSTEM32\WINMM.dll
0x00007ffad16a0000 - 0x00007ffad16a9000 	C:\WINDOWS\SYSTEM32\WSOCK32.dll
0x00007ffad8e50000 - 0x00007ffad8ebb000 	C:\WINDOWS\System32\WS2_32.dll
0x00007ffad62b0000 - 0x00007ffad62c2000 	C:\WINDOWS\SYSTEM32\kernel.appcore.dll
0x00007ffad16e0000 - 0x00007ffad16ea000 	C:\Users\Atul\.p2\pool\plugins\org.eclipse.justj.openjdk.hotspot.jre.full.win32.x86_64_17.0.1.v20211116-1657\jre\bin\jimage.dll
0x00007ffad5840000 - 0x00007ffad5a24000 	C:\WINDOWS\SYSTEM32\DBGHELP.DLL
0x00007ffac1fd0000 - 0x00007ffac1ffc000 	C:\WINDOWS\SYSTEM32\dbgcore.DLL
0x00007ffad82d0000 - 0x00007ffad8353000 	C:\WINDOWS\System32\bcryptPrimitives.dll
0x00007ffabb540000 - 0x00007ffabb57b000 	C:\Users\Atul\.p2\pool\plugins\org.eclipse.justj.openjdk.hotspot.jre.full.win32.x86_64_17.0.1.v20211116-1657\jre\bin\jdwp.dll
0x00007ffacfa80000 - 0x00007ffacfa8e000 	C:\Users\Atul\.p2\pool\plugins\org.eclipse.justj.openjdk.hotspot.jre.full.win32.x86_64_17.0.1.v20211116-1657\jre\bin\instrument.dll
0x00007ffacfad0000 - 0x00007ffacfaf5000 	C:\Users\Atul\.p2\pool\plugins\org.eclipse.justj.openjdk.hotspot.jre.full.win32.x86_64_17.0.1.v20211116-1657\jre\bin\java.dll
0x00007ffad10d0000 - 0x00007ffad10e8000 	C:\Users\Atul\.p2\pool\plugins\org.eclipse.justj.openjdk.hotspot.jre.full.win32.x86_64_17.0.1.v20211116-1657\jre\bin\zip.dll
0x00007ffad8360000 - 0x00007ffad8a9f000 	C:\WINDOWS\System32\SHELL32.dll
0x00007ffad5a30000 - 0x00007ffad61c0000 	C:\WINDOWS\SYSTEM32\windows.storage.dll
0x00007ffad9df0000 - 0x00007ffada145000 	C:\WINDOWS\System32\combase.dll
0x00007ffad7480000 - 0x00007ffad74ae000 	C:\WINDOWS\SYSTEM32\Wldp.dll
0x00007ffad9b90000 - 0x00007ffad9c3d000 	C:\WINDOWS\System32\SHCORE.dll
0x00007ffad8c60000 - 0x00007ffad8cb5000 	C:\WINDOWS\System32\shlwapi.dll
0x00007ffad7970000 - 0x00007ffad798f000 	C:\WINDOWS\SYSTEM32\profapi.dll
0x00007ffacf3e0000 - 0x00007ffacf3ec000 	C:\Users\Atul\.p2\pool\plugins\org.eclipse.justj.openjdk.hotspot.jre.full.win32.x86_64_17.0.1.v20211116-1657\jre\bin\dt_socket.dll
0x00007ffad6e80000 - 0x00007ffad6ebb000 	C:\WINDOWS\SYSTEM32\IPHLPAPI.DLL
0x00007ffad71e0000 - 0x00007ffad724a000 	C:\WINDOWS\system32\mswsock.dll
0x00007ffad6ec0000 - 0x00007ffad6f8b000 	C:\WINDOWS\SYSTEM32\DNSAPI.dll
0x00007ffad8ec0000 - 0x00007ffad8ec8000 	C:\WINDOWS\System32\NSI.dll
0x00007ffac5f40000 - 0x00007ffac5f4a000 	C:\Windows\System32\rasadhlp.dll
0x00007ffac5f60000 - 0x00007ffac5fdf000 	C:\WINDOWS\System32\fwpuclnt.dll
0x00007ffad7cb0000 - 0x00007ffad7cd7000 	C:\WINDOWS\System32\bcrypt.dll
0x00007ffacf9f0000 - 0x00007ffacfa09000 	C:\Users\Atul\.p2\pool\plugins\org.eclipse.justj.openjdk.hotspot.jre.full.win32.x86_64_17.0.1.v20211116-1657\jre\bin\net.dll
0x00007ffad2520000 - 0x00007ffad262c000 	C:\WINDOWS\SYSTEM32\WINHTTP.dll
0x00007ffacf1d0000 - 0x00007ffacf1e5000 	C:\Users\Atul\.p2\pool\plugins\org.eclipse.justj.openjdk.hotspot.jre.full.win32.x86_64_17.0.1.v20211116-1657\jre\bin\nio.dll
0x00007ffad0df0000 - 0x00007ffad0e00000 	C:\Users\Atul\.p2\pool\plugins\org.eclipse.justj.openjdk.hotspot.jre.full.win32.x86_64_17.0.1.v20211116-1657\jre\bin\verify.dll
0x00007ffad73d0000 - 0x00007ffad73e8000 	C:\WINDOWS\SYSTEM32\CRYPTSP.dll
0x00007ffad6af0000 - 0x00007ffad6b24000 	C:\WINDOWS\system32\rsaenh.dll
0x00007ffad7930000 - 0x00007ffad795e000 	C:\WINDOWS\SYSTEM32\USERENV.dll
0x00007ffad73f0000 - 0x00007ffad73fc000 	C:\WINDOWS\SYSTEM32\CRYPTBASE.dll
0x00007ffaccd90000 - 0x00007ffaccda7000 	C:\WINDOWS\SYSTEM32\dhcpcsvc6.DLL
0x00007ffacef70000 - 0x00007ffacef8d000 	C:\WINDOWS\SYSTEM32\dhcpcsvc.DLL
0x00007ffad1760000 - 0x00007ffad1777000 	C:\WINDOWS\system32\napinsp.dll
0x00007ffad1740000 - 0x00007ffad175b000 	C:\WINDOWS\system32\pnrpnsp.dll
0x00007ffad1d50000 - 0x00007ffad1d65000 	C:\WINDOWS\system32\wshbth.dll
0x00007ffad2dd0000 - 0x00007ffad2ded000 	C:\WINDOWS\system32\NLAapi.dll
0x00007ffad1720000 - 0x00007ffad1732000 	C:\WINDOWS\System32\winrnr.dll
0x00007ffacf330000 - 0x00007ffacf337000 	C:\Users\Atul\.p2\pool\plugins\org.eclipse.justj.openjdk.hotspot.jre.full.win32.x86_64_17.0.1.v20211116-1657\jre\bin\rmi.dll

dbghelp: loaded successfully - version: 4.0.5 - missing functions: none
symbol engine: initialized successfully - sym options: 0x614 - pdb path: .;C:\Users\Atul\.p2\pool\plugins\org.eclipse.justj.openjdk.hotspot.jre.full.win32.x86_64_17.0.1.v20211116-1657\jre\bin;C:\WINDOWS\SYSTEM32;C:\WINDOWS\WinSxS\amd64_microsoft.windows.common-controls_6595b64144ccf1df_6.0.19041.1110_none_60b5254171f9507e;C:\Users\Atul\.p2\pool\plugins\org.eclipse.justj.openjdk.hotspot.jre.full.win32.x86_64_17.0.1.v20211116-1657\jre\bin\server

VM Arguments:
jvm_args: -XX:+ShowCodeDetailsInExceptionMessages -agentlib:jdwp=transport=dt_socket,suspend=y,address=localhost:52305 -javaagent:C:\Users\Atul\eclipse\java-2021-12\eclipse\configuration\org.eclipse.osgi\224\0\.cp\lib\javaagent-shaded.jar -Dfile.encoding=Cp1252 
java_command: simpledb.server.StartServer
java_class_path (initial): C:\Users\Atul\eclipse-workspace\SimpleDBEngine\bin
Launcher Type: SUN_STANDARD

[Global flags]
     intx CICompilerCount                          = 4                                         {product} {ergonomic}
     uint ConcGCThreads                            = 2                                         {product} {ergonomic}
     uint G1ConcRefinementThreads                  = 8                                         {product} {ergonomic}
   size_t G1HeapRegionSize                         = 2097152                                   {product} {ergonomic}
    uintx GCDrainStackTargetSize                   = 64                                        {product} {ergonomic}
   size_t InitialHeapSize                          = 266338304                                 {product} {ergonomic}
   size_t MarkStackSize                            = 4194304                                   {product} {ergonomic}
   size_t MaxHeapSize                              = 4255121408                                {product} {ergonomic}
   size_t MaxNewSize                               = 2552233984                                {product} {ergonomic}
   size_t MinHeapDeltaBytes                        = 2097152                                   {product} {ergonomic}
   size_t MinHeapSize                              = 8388608                                   {product} {ergonomic}
    uintx NonNMethodCodeHeapSize                   = 5839372                                {pd product} {ergonomic}
    uintx NonProfiledCodeHeapSize                  = 122909434                              {pd product} {ergonomic}
    uintx ProfiledCodeHeapSize                     = 122909434                              {pd product} {ergonomic}
    uintx ReservedCodeCacheSize                    = 251658240                              {pd product} {ergonomic}
     bool SegmentedCodeCache                       = true                                      {product} {ergonomic}
     bool ShowCodeDetailsInExceptionMessages       = true                                   {manageable} {command line}
   size_t SoftMaxHeapSize                          = 4255121408                             {manageable} {ergonomic}
     bool UseCompressedClassPointers               = true                           {product lp64_product} {ergonomic}
     bool UseCompressedOops                        = true                           {product lp64_product} {ergonomic}
     bool UseG1GC                                  = true                                      {product} {ergonomic}
     bool UseLargePagesIndividualAllocation        = false                                  {pd product} {ergonomic}

Logging:
Log output configuration:
 #0: stdout all=warning uptime,level,tags
 #1: stderr all=off uptime,level,tags

Environment Variables:
JAVA_HOME=C:\Program Files\Java\jdk-17.0.2
PATH=C:\Users\Atul\.p2\pool\plugins\org.eclipse.justj.openjdk.hotspot.jre.full.win32.x86_64_17.0.1.v20211116-1657\jre\bin;C:/Users/Atul/.p2/pool/plugins/org.eclipse.justj.openjdk.hotspot.jre.full.win32.x86_64_17.0.1.v20211116-1657/jre/bin/server;C:/Users/Atul/.p2/pool/plugins/org.eclipse.justj.openjdk.hotspot.jre.full.win32.x86_64_17.0.1.v20211116-1657/jre/bin;C:\Program Files\Common Files\Oracle\Java\javapath;C:\WINDOWS\system32;C:\WINDOWS;C:\WINDOWS\System32\Wbem;C:\WINDOWS\System32\WindowsPowerShell\v1.0\;C:\WINDOWS\System32\OpenSSH\;C:\Program Files\Git\cmd;C:\Program Files\dotnet\;C:\Program Files\nodejs\;C:\Program Files\Go\bin;C:\MinGW\bin;C:\Program Files\PuTTY\;C:\Program Files\Java\jdk-17.0.2\bin;C:\Users\Atul\AppData\Local\Programs\Python\Python38\Scripts\;C:\Users\Atul\AppData\Local\Programs\Python\Python38\;C:\Users\Atul\AppData\Local\Microsoft\WindowsApps;C:\Users\Atul\.dotnet\tools;C:\Users\Atul\AppData\Local\Programs\Microsoft VS Code\bin;C:\Users\Atul\AppData\Roaming\npm;C:\Users\Atul\go\bin;C:\MinGW\bin;;C:\WINDOWS\System32;
USERNAME=Atul
OS=Windows_NT
PROCESSOR_IDENTIFIER=Intel64 Family 6 Model 142 Stepping 11, GenuineIntel



---------------  S Y S T E M  ---------------

OS:
 Windows 10 , 64 bit Build 19041 (10.0.19041.1348)
OS uptime: 4 days 3:42 hours

CPU: total 8 (initial active 8) (4 cores per cpu, 2 threads per core) family 6 model 142 stepping 11 microcode 0xb8, cx8, cmov, fxsr, ht, mmx, 3dnowpref, sse, sse2, sse3, ssse3, sse4.1, sse4.2, popcnt, lzcnt, tsc, tscinvbit, avx, avx2, aes, erms, clmul, bmi1, bmi2, adx, fma, vzeroupper, clflush, clflushopt

Memory: 4k page, system-wide physical 16229M (6660M free)
TotalPageFile size 28005M (AvailPageFile size 8030M)
current process WorkingSet (physical memory assigned to process): 59M, peak: 60M
current process commit charge ("private bytes"): 347M, peak: 349M

vm_info: OpenJDK 64-Bit Server VM (17.0.1+12) for windows-amd64 JRE (17.0.1+12), built on Oct 20 2021 07:42:55 by "" with MS VC++ 16.7 (VS2019)

END.
